<?xml version="1.0" encoding="UTF-8"?><testsuite errors="0" failures="0" name="com.studentapp.junit.studentInfo.studentCRUDTest" skipped="0" tests="4" time="3.27" timestamp="2023-01-24 02:39:36"><testcase classname="com.studentapp.junit.studentInfo.studentCRUDTest" name="This test will create a new student"/><testcase classname="com.studentapp.junit.studentInfo.studentCRUDTest" name="Verify if the student was added to the application"/><testcase classname="com.studentapp.junit.studentInfo.studentCRUDTest" name="Update the user information and verify the updated information!"/><testcase classname="com.studentapp.junit.studentInfo.studentCRUDTest" name="Delete the student and verify the student is deleted!"/></testsuite>