<?xml version="1.0" encoding="UTF-8"?><testsuite errors="1" failures="1" name="com.studentapp.junit.studentInfo.FirstSerenityTest" skipped="4" tests="8" time="8.27" timestamp="2023-01-24 02:39:24"><testcase classname="com.studentapp.junit.studentInfo.FirstSerenityTest" name="This is a skipped test"><skipped/></testcase><testcase classname="com.studentapp.junit.studentInfo.FirstSerenityTest" name="Get all student"/><testcase classname="com.studentapp.junit.studentInfo.FirstSerenityTest" name="This is a pending test"><skipped/></testcase><testcase classname="com.studentapp.junit.studentInfo.FirstSerenityTest" name="This is a manual test"><skipped/></testcase><testcase classname="com.studentapp.junit.studentInfo.FirstSerenityTest" name="This is a test with error"><error message="/ by zero" type="java.lang.ArithmeticException">/ by zero</error><system-err>/ by zero&#13;
com.studentapp.junit.studentInfo.FirstSerenityTest.thisIsATestWithError(FirstSerenityTest.java:66)&#13;
</system-err></testcase><testcase classname="com.studentapp.junit.studentInfo.FirstSerenityTest" name="This test will get the information of all the student from the Student App"/><testcase classname="com.studentapp.junit.studentInfo.FirstSerenityTest" name="File does not exist"><compromised message="E:\file.txt (The system cannot find the path specified)" type="java.io.FileNotFoundException">E:\file.txt (The system cannot find the path specified)</compromised><system-err>E:\file.txt (The system cannot find the path specified)&#13;
com.studentapp.junit.studentInfo.FirstSerenityTest.fileDoesNotExist(FirstSerenityTest.java:72)&#13;
</system-err></testcase><testcase classname="com.studentapp.junit.studentInfo.FirstSerenityTest" name="This isa filing"><failure message="1 expectation failed.&#10;Expected status code &lt;500&gt; but was &lt;200&gt;.&#10;" type="java.lang.AssertionError">1 expectation failed.
Expected status code &lt;500&gt; but was &lt;200&gt;.
</failure><system-err>1 expectation failed.
Expected status code &lt;500&gt; but was &lt;200&gt;.
&#13;
io.restassured.internal.ResponseSpecificationImpl.validateResponseIfRequired(ResponseSpecificationImpl.groovy:643)&#13;
io.restassured.internal.ResponseSpecificationImpl.statusCode(ResponseSpecificationImpl.groovy:122)&#13;
io.restassured.internal.ResponseSpecificationImpl.statusCode(ResponseSpecificationImpl.groovy:130)&#13;
io.restassured.internal.ValidatableResponseOptionsImpl.statusCode(ValidatableResponseOptionsImpl.java:117)&#13;
com.studentapp.junit.studentInfo.FirstSerenityTest.thisIsaFiling(FirstSerenityTest.java:46)&#13;
</system-err></testcase></testsuite>